{"sessionId":"96c26d","hypothesisId":"E","location":"StompAuthChannelInterceptor.applySecurityFromSessionUser","message":"context_restored_from_session","timestamp":1774918097377,"data":{"command":"SEND","principalUserId":2}}
{"sessionId":"96c26d","hypothesisId":"E","location":"StompAuthChannelInterceptor.applySecurityFromSessionUser","message":"context_restored_from_session","timestamp":1774918175649,"data":{"command":"SEND","principalUserId":1}}
{"sessionId":"96c26d","hypothesisId":"E","location":"StompAuthChannelInterceptor.applySecurityFromSessionUser","message":"context_restored_from_session","timestamp":1774918175720,"data":{"command":"SEND","principalUserId":1}}
{"sessionId":"96c26d","hypothesisId":"A","location":"DmService.getMessages","message":"slice_after_map","timestamp":1774918176753,"data":{"userId":1,"roomId":1,"cursor":-1,"size":15,"msgCount":4,"sliceHasNext":false,"newestId":4,"newestSenderId":2,"oldestInPageId":1}}
{"sessionId":"96c26d","hypothesisId":"A","location":"DmService.getMessages","message":"slice_after_map","timestamp":1774918219363,"data":{"userId":1,"roomId":1,"cursor":-1,"size":15,"msgCount":4,"sliceHasNext":false,"newestId":4,"newestSenderId":2,"oldestInPageId":1}}
{"sessionId":"96c26d","hypothesisId":"A","location":"DmService.getMessages","message":"slice_after_map","timestamp":1774918220597,"data":{"userId":1,"roomId":1,"cursor":-1,"size":15,"msgCount":4,"sliceHasNext":false,"newestId":4,"newestSenderId":2,"oldestInPageId":1}}
{"sessionId":"96c26d","hypothesisId":"E","location":"StompAuthChannelInterceptor.applySecurityFromSessionUser","message":"context_restored_from_session","timestamp":1774918220682,"data":{"command":"SEND","principalUserId":1}}
{"sessionId":"96c26d","hypothesisId":"A","location":"DmService.getMessages","message":"slice_after_map","timestamp":1774918220737,"data":{"userId":1,"roomId":1,"cursor":-1,"size":15,"msgCount":4,"sliceHasNext":false,"newestId":4,"newestSenderId":2,"oldestInPageId":1}}
{"sessionId":"96c26d","hypothesisId":"A","location":"DmService.getMessages","message":"slice_after_map","timestamp":1774918220860,"data":{"userId":1,"roomId":1,"cursor":-1,"size":15,"msgCount":4,"sliceHasNext":false,"newestId":4,"newestSenderId":2,"oldestInPageId":1}}
{"sessionId":"96c26d","hypothesisId":"E","location":"StompAuthChannelInterceptor.applySecurityFromSessionUser","message":"context_restored_from_session","timestamp":1774918220902,"data":{"command":"SEND","principalUserId":1}}
{"sessionId":"96c26d","hypothesisId":"A","location":"DmService.getMessages","message":"slice_after_map","timestamp":1774918220979,"data":{"userId":1,"roomId":1,"cursor":-1,"size":15,"msgCount":4,"sliceHasNext":false,"newestId":4,"newestSenderId":2,"oldestInPageId":1}}
{"sessionId":"96c26d","hypothesisId":"A","location":"DmService.getMessages","message":"slice_after_map","timestamp":1774918221139,"data":{"userId":1,"roomId":1,"cursor":-1,"size":15,"msgCount":4,"sliceHasNext":false,"newestId":4,"newestSenderId":2,"oldestInPageId":1}}
{"sessionId":"96c26d","hypothesisId":"A","location":"DmService.getMessages","message":"slice_after_map","timestamp":1774918221287,"data":{"userId":1,"roomId":1,"cursor":-1,"size":15,"msgCount":4,"sliceHasNext":false,"newestId":4,"newestSenderId":2,"oldestInPageId":1}}
{"sessionId":"96c26d","hypothesisId":"E","location":"StompAuthChannelInterceptor.applySecurityFromSessionUser","message":"context_restored_from_session","timestamp":1774918221587,"data":{"command":"SEND","principalUserId":1}}
{"sessionId":"96c26d","hypothesisId":"A","location":"DmService.getMessages","message":"slice_after_map","timestamp":1774918279787,"data":{"userId":1,"roomId":1,"cursor":-1,"size":15,"msgCount":4,"sliceHasNext":false,"newestId":4,"newestSenderId":2,"oldestInPageId":1}}
{"sessionId":"96c26d","hypothesisId":"E","location":"StompAuthChannelInterceptor.applySecurityFromSessionUser","message":"context_restored_from_session","timestamp":1774918279800,"data":{"command":"SEND","principalUserId":1}}
{"sessionId":"96c26d","hypothesisId":"A","location":"DmService.getMessages","message":"slice_after_map","timestamp":1774918279830,"data":{"userId":1,"roomId":1,"cursor":-1,"size":15,"msgCount":4,"sliceHasNext":false,"newestId":4,"newestSenderId":2,"oldestInPageId":1}}
{"sessionId":"96c26d","hypothesisId":"A","location":"DmService.getMessages","message":"slice_after_map","timestamp":1774918279861,"data":{"userId":1,"roomId":1,"cursor":-1,"size":15,"msgCount":4,"sliceHasNext":false,"newestId":4,"newestSenderId":2,"oldestInPageId":1}}
{"sessionId":"96c26d","hypothesisId":"E","location":"StompAuthChannelInterceptor.applySecurityFromSessionUser","message":"context_restored_from_session","timestamp":1774918279870,"data":{"command":"SEND","principalUserId":1}}
{"sessionId":"96c26d","hypothesisId":"A","location":"DmService.getMessages","message":"slice_after_map","timestamp":1774918279889,"data":{"userId":1,"roomId":1,"cursor":-1,"size":15,"msgCount":4,"sliceHasNext":false,"newestId":4,"newestSenderId":2,"oldestInPageId":1}}
{"sessionId":"96c26d","hypothesisId":"A","location":"DmService.getMessages","message":"slice_after_map","timestamp":1774918279928,"data":{"userId":1,"roomId":1,"cursor":-1,"size":15,"msgCount":4,"sliceHasNext":false,"newestId":4,"newestSenderId":2,"oldestInPageId":1}}
{"sessionId":"96c26d","hypothesisId":"A","location":"DmService.getMessages","message":"slice_after_map","timestamp":1774918280062,"data":{"userId":1,"roomId":1,"cursor":-1,"size":15,"msgCount":4,"sliceHasNext":false,"newestId":4,"newestSenderId":2,"oldestInPageId":1}}
{"sessionId":"96c26d","hypothesisId":"A","location":"DmService.getMessages","message":"slice_after_map","timestamp":1774918281184,"data":{"userId":2,"roomId":1,"cursor":-1,"size":15,"msgCount":4,"sliceHasNext":false,"newestId":4,"newestSenderId":2,"oldestInPageId":1}}
{"sessionId":"96c26d","hypothesisId":"E","location":"StompAuthChannelInterceptor.applySecurityFromSessionUser","message":"context_restored_from_session","timestamp":1774918281194,"data":{"command":"SEND","principalUserId":2}}
{"sessionId":"96c26d","hypothesisId":"A","location":"DmService.getMessages","message":"slice_after_map","timestamp":1774918281224,"data":{"userId":2,"roomId":1,"cursor":-1,"size":15,"msgCount":4,"sliceHasNext":false,"newestId":4,"newestSenderId":2,"oldestInPageId":1}}
{"sessionId":"96c26d","hypothesisId":"A","location":"DmService.getMessages","message":"slice_after_map","timestamp":1774918281277,"data":{"userId":2,"roomId":1,"cursor":-1,"size":15,"msgCount":4,"sliceHasNext":false,"newestId":4,"newestSenderId":2,"oldestInPageId":1}}
{"sessionId":"96c26d","hypothesisId":"E","location":"StompAuthChannelInterceptor.applySecurityFromSessionUser","message":"context_restored_from_session","timestamp":1774918281289,"data":{"command":"SEND","principalUserId":2}}
{"sessionId":"96c26d","hypothesisId":"A","location":"DmService.getMessages","message":"slice_after_map","timestamp":1774918281377,"data":{"userId":2,"roomId":1,"cursor":-1,"size":15,"msgCount":4,"sliceHasNext":false,"newestId":4,"newestSenderId":2,"oldestInPageId":1}}
{"sessionId":"96c26d","hypothesisId":"A","location":"DmService.getMessages","message":"slice_after_map","timestamp":1774918281437,"data":{"userId":2,"roomId":1,"cursor":-1,"size":15,"msgCount":4,"sliceHasNext":false,"newestId":4,"newestSenderId":2,"oldestInPageId":1}}
{"sessionId":"96c26d","hypothesisId":"A","location":"DmService.getMessages","message":"slice_after_map","timestamp":1774918281471,"data":{"userId":2,"roomId":1,"cursor":-1,"size":15,"msgCount":4,"sliceHasNext":false,"newestId":4,"newestSenderId":2,"oldestInPageId":1}}
{"sessionId":"96c26d","hypothesisId":"A","location":"DmService.getMessages","message":"slice_after_map","timestamp":1774918282311,"data":{"userId":1,"roomId":1,"cursor":-1,"size":15,"msgCount":4,"sliceHasNext":false,"newestId":4,"newestSenderId":2,"oldestInPageId":1}}
{"sessionId":"96c26d","hypothesisId":"A","location":"DmService.getMessages","message":"slice_after_map","timestamp":1774918283705,"data":{"userId":2,"roomId":1,"cursor":-1,"size":15,"msgCount":4,"sliceHasNext":false,"newestId":4,"newestSenderId":2,"oldestInPageId":1}}
{"sessionId":"96c26d","hypothesisId":"A","location":"DmService.getMessages","message":"slice_after_map","timestamp":1774918284812,"data":{"userId":1,"roomId":1,"cursor":-1,"size":15,"msgCount":4,"sliceHasNext":false,"newestId":4,"newestSenderId":2,"oldestInPageId":1}}
{"sessionId":"96c26d","hypothesisId":"E","location":"StompAuthChannelInterceptor.applySecurityFromSessionUser","message":"context_restored_from_session","timestamp":1774918285373,"data":{"command":"SEND","principalUserId":1}}
{"sessionId":"96c26d","hypothesisId":"A","location":"DmService.getMessages","message":"slice_after_map","timestamp":1774918285681,"data":{"userId":2,"roomId":1,"cursor":-1,"size":15,"msgCount":4,"sliceHasNext":false,"newestId":4,"newestSenderId":2,"oldestInPageId":1}}
{"sessionId":"96c26d","hypothesisId":"A","location":"DmService.getMessages","message":"slice_after_map","timestamp":1774918285697,"data":{"userId":1,"roomId":1,"cursor":-1,"size":15,"msgCount":4,"sliceHasNext":false,"newestId":4,"newestSenderId":2,"oldestInPageId":1}}
{"sessionId":"96c26d","hypothesisId":"A","location":"DmService.getMessages","message":"slice_after_map","timestamp":1774918286205,"data":{"userId":2,"roomId":1,"cursor":-1,"size":15,"msgCount":4,"sliceHasNext":false,"newestId":4,"newestSenderId":2,"oldestInPageId":1}}
{"sessionId":"96c26d","hypothesisId":"E","location":"StompAuthChannelInterceptor.applySecurityFromSessionUser","message":"context_restored_from_session","timestamp":1774918286426,"data":{"command":"SEND","principalUserId":1}}
{"sessionId":"96c26d","hypothesisId":"E","location":"StompAuthChannelInterceptor.applySecurityFromSessionUser","message":"context_restored_from_session","timestamp":1774918286431,"data":{"command":"SEND","principalUserId":1}}
{"sessionId":"96c26d","hypothesisId":"D","location":"DmWebSocketController.message","message":"mapping_entered","timestamp":1774918286446,"data":{"roomId":1,"hasRequest":true}}
{"sessionId":"96c26d","hypothesisId":"F","location":"DmWebSocketController.message","message":"user_resolution","timestamp":1774918286448,"data":{"source":"stomp_accessor","userId":1}}
{"sessionId":"96c26d","hypothesisId":"D","location":"DmWebSocketController.message","message":"after_convertAndSend","timestamp":1774918286464,"data":{"roomId":1,"actorUserId":1,"savedId":7,"savedSenderId":1,"topic":"/topic/dm.1"}}
{"sessionId":"96c26d","hypothesisId":"E","location":"StompAuthChannelInterceptor.applySecurityFromSessionUser","message":"context_restored_from_session","timestamp":1774918286479,"data":{"command":"SEND","principalUserId":2}}
{"sessionId":"96c26d","hypothesisId":"A","location":"DmService.getMessages","message":"slice_after_map","timestamp":1774918286798,"data":{"userId":1,"roomId":1,"cursor":-1,"size":15,"msgCount":5,"sliceHasNext":false,"newestId":7,"newestSenderId":1,"oldestInPageId":1}}
{"sessionId":"96c26d","hypothesisId":"A","location":"DmService.getMessages","message":"slice_after_map","timestamp":1774918287313,"data":{"userId":1,"roomId":1,"cursor":-1,"size":15,"msgCount":5,"sliceHasNext":false,"newestId":7,"newestSenderId":1,"oldestInPageId":1}}
{"sessionId":"96c26d","hypothesisId":"A","location":"DmService.getMessages","message":"slice_after_map","timestamp":1774918288038,"data":{"userId":1,"roomId":1,"cursor":-1,"size":15,"msgCount":5,"sliceHasNext":false,"newestId":7,"newestSenderId":1,"oldestInPageId":1}}
{"sessionId":"96c26d","hypothesisId":"A","location":"DmService.getMessages","message":"slice_after_map","timestamp":1774918288703,"data":{"userId":2,"roomId":1,"cursor":-1,"size":15,"msgCount":5,"sliceHasNext":false,"newestId":7,"newestSenderId":1,"oldestInPageId":1}}
{"sessionId":"96c26d","hypothesisId":"A","location":"DmService.getMessages","message":"slice_after_map","timestamp":1774918289821,"data":{"userId":1,"roomId":1,"cursor":-1,"size":15,"msgCount":5,"sliceHasNext":false,"newestId":7,"newestSenderId":1,"oldestInPageId":1}}
{"sessionId":"96c26d","hypothesisId":"A","location":"DmService.getMessages","message":"slice_after_map","timestamp":1774918291233,"data":{"userId":2,"roomId":1,"cursor":-1,"size":15,"msgCount":5,"sliceHasNext":false,"newestId":7,"newestSenderId":1,"oldestInPageId":1}}
{"sessionId":"96c26d","hypothesisId":"E","location":"StompAuthChannelInterceptor.applySecurityFromSessionUser","message":"context_restored_from_session","timestamp":1774918291589,"data":{"command":"SEND","principalUserId":2}}
{"sessionId":"96c26d","hypothesisId":"A","location":"DmService.getMessages","message":"slice_after_map","timestamp":1774918291891,"data":{"userId":1,"roomId":1,"cursor":-1,"size":15,"msgCount":5,"sliceHasNext":false,"newestId":7,"newestSenderId":1,"oldestInPageId":1}}
{"sessionId":"96c26d","hypothesisId":"A","location":"DmService.getMessages","message":"slice_after_map","timestamp":1774918291923,"data":{"userId":2,"roomId":1,"cursor":-1,"size":15,"msgCount":5,"sliceHasNext":false,"newestId":7,"newestSenderId":1,"oldestInPageId":1}}
{"sessionId":"96c26d","hypothesisId":"E","location":"StompAuthChannelInterceptor.applySecurityFromSessionUser","message":"context_restored_from_session","timestamp":1774918292298,"data":{"command":"SEND","principalUserId":2}}
{"sessionId":"96c26d","hypothesisId":"D","location":"DmWebSocketController.message","message":"mapping_entered","timestamp":1774918292301,"data":{"roomId":1,"hasRequest":true}}
{"sessionId":"96c26d","hypothesisId":"F","location":"DmWebSocketController.message","message":"user_resolution","timestamp":1774918292304,"data":{"source":"stomp_accessor","userId":2}}
{"sessionId":"96c26d","hypothesisId":"E","location":"StompAuthChannelInterceptor.applySecurityFromSessionUser","message":"context_restored_from_session","timestamp":1774918292313,"data":{"command":"SEND","principalUserId":2}}
{"sessionId":"96c26d","hypothesisId":"D","location":"DmWebSocketController.message","message":"after_convertAndSend","timestamp":1774918292332,"data":{"roomId":1,"actorUserId":2,"savedId":8,"savedSenderId":2,"topic":"/topic/dm.1"}}
{"sessionId":"96c26d","hypothesisId":"E","location":"StompAuthChannelInterceptor.applySecurityFromSessionUser","message":"context_restored_from_session","timestamp":1774918292350,"data":{"command":"SEND","principalUserId":1}}
{"sessionId":"96c26d","hypothesisId":"A","location":"DmService.getMessages","message":"slice_after_map","timestamp":1774918292364,"data":{"userId":1,"roomId":1,"cursor":-1,"size":15,"msgCount":6,"sliceHasNext":false,"newestId":8,"newestSenderId":2,"oldestInPageId":1}}
{"sessionId":"96c26d","hypothesisId":"A","location":"DmService.getMessages","message":"slice_after_map","timestamp":1774918292661,"data":{"userId":2,"roomId":1,"cursor":-1,"size":15,"msgCount":6,"sliceHasNext":false,"newestId":8,"newestSenderId":2,"oldestInPageId":1}}
{"sessionId":"96c26d","hypothesisId":"A","location":"DmService.getMessages","message":"slice_after_map","timestamp":1774918293732,"data":{"userId":2,"roomId":1,"cursor":-1,"size":15,"msgCount":6,"sliceHasNext":false,"newestId":8,"newestSenderId":2,"oldestInPageId":1}}
{"sessionId":"96c26d","hypothesisId":"A","location":"DmService.getMessages","message":"slice_after_map","timestamp":1774918293925,"data":{"userId":2,"roomId":1,"cursor":-1,"size":15,"msgCount":6,"sliceHasNext":false,"newestId":8,"newestSenderId":2,"oldestInPageId":1}}
{"sessionId":"96c26d","hypothesisId":"A","location":"DmService.getMessages","message":"slice_after_map","timestamp":1774918294813,"data":{"userId":1,"roomId":1,"cursor":-1,"size":15,"msgCount":6,"sliceHasNext":false,"newestId":8,"newestSenderId":2,"oldestInPageId":1}}
{"sessionId":"96c26d","hypothesisId":"A","location":"DmService.getMessages","message":"slice_after_map","timestamp":1774918296216,"data":{"userId":2,"roomId":1,"cursor":-1,"size":15,"msgCount":6,"sliceHasNext":false,"newestId":8,"newestSenderId":2,"oldestInPageId":1}}
{"sessionId":"96c26d","hypothesisId":"A","location":"DmService.getMessages","message":"slice_after_map","timestamp":1774918297316,"data":{"userId":1,"roomId":1,"cursor":-1,"size":15,"msgCount":6,"sliceHasNext":false,"newestId":8,"newestSenderId":2,"oldestInPageId":1}}
{"sessionId":"96c26d","hypothesisId":"A","location":"DmService.getMessages","message":"slice_after_map","timestamp":1774918298720,"data":{"userId":2,"roomId":1,"cursor":-1,"size":15,"msgCount":6,"sliceHasNext":false,"newestId":8,"newestSenderId":2,"oldestInPageId":1}}
{"sessionId":"96c26d","hypothesisId":"A","location":"DmService.getMessages","message":"slice_after_map","timestamp":1774918299828,"data":{"userId":1,"roomId":1,"cursor":-1,"size":15,"msgCount":6,"sliceHasNext":false,"newestId":8,"newestSenderId":2,"oldestInPageId":1}}
{"sessionId":"96c26d","hypothesisId":"A","location":"DmService.getMessages","message":"slice_after_map","timestamp":1774918301211,"data":{"userId":2,"roomId":1,"cursor":-1,"size":15,"msgCount":6,"sliceHasNext":false,"newestId":8,"newestSenderId":2,"oldestInPageId":1}}
{"sessionId":"96c26d","hypothesisId":"A","location":"DmService.getMessages","message":"slice_after_map","timestamp":1774918302318,"data":{"userId":1,"roomId":1,"cursor":-1,"size":15,"msgCount":6,"sliceHasNext":false,"newestId":8,"newestSenderId":2,"oldestInPageId":1}}
{"sessionId":"96c26d","hypothesisId":"A","location":"DmService.getMessages","message":"slice_after_map","timestamp":1774918303716,"data":{"userId":2,"roomId":1,"cursor":-1,"size":15,"msgCount":6,"sliceHasNext":false,"newestId":8,"newestSenderId":2,"oldestInPageId":1}}
{"sessionId":"96c26d","hypothesisId":"A","location":"DmService.getMessages","message":"slice_after_map","timestamp":1774918304826,"data":{"userId":1,"roomId":1,"cursor":-1,"size":15,"msgCount":6,"sliceHasNext":false,"newestId":8,"newestSenderId":2,"oldestInPageId":1}}
{"sessionId":"96c26d","hypothesisId":"A","location":"DmService.getMessages","message":"slice_after_map","timestamp":1774918306221,"data":{"userId":2,"roomId":1,"cursor":-1,"size":15,"msgCount":6,"sliceHasNext":false,"newestId":8,"newestSenderId":2,"oldestInPageId":1}}
{"sessionId":"96c26d","hypothesisId":"A","location":"DmService.getMessages","message":"slice_after_map","timestamp":1774918307321,"data":{"userId":1,"roomId":1,"cursor":-1,"size":15,"msgCount":6,"sliceHasNext":false,"newestId":8,"newestSenderId":2,"oldestInPageId":1}}
{"sessionId":"96c26d","hypothesisId":"A","location":"DmService.getMessages","message":"slice_after_map","timestamp":1774918308705,"data":{"userId":2,"roomId":1,"cursor":-1,"size":15,"msgCount":6,"sliceHasNext":false,"newestId":8,"newestSenderId":2,"oldestInPageId":1}}
{"sessionId":"96c26d","hypothesisId":"A","location":"DmService.getMessages","message":"slice_after_map","timestamp":1774918309822,"data":{"userId":1,"roomId":1,"cursor":-1,"size":15,"msgCount":6,"sliceHasNext":false,"newestId":8,"newestSenderId":2,"oldestInPageId":1}}
{"sessionId":"96c26d","hypothesisId":"A","location":"DmService.getMessages","message":"slice_after_map","timestamp":1774918311283,"data":{"userId":2,"roomId":1,"cursor":-1,"size":15,"msgCount":6,"sliceHasNext":false,"newestId":8,"newestSenderId":2,"oldestInPageId":1}}
{"sessionId":"96c26d","hypothesisId":"A","location":"DmService.getMessages","message":"slice_after_map","timestamp":1774918312314,"data":{"userId":1,"roomId":1,"cursor":-1,"size":15,"msgCount":6,"sliceHasNext":false,"newestId":8,"newestSenderId":2,"oldestInPageId":1}}
{"sessionId":"96c26d","hypothesisId":"A","location":"DmService.getMessages","message":"slice_after_map","timestamp":1774918313702,"data":{"userId":2,"roomId":1,"cursor":-1,"size":15,"msgCount":6,"sliceHasNext":false,"newestId":8,"newestSenderId":2,"oldestInPageId":1}}
{"sessionId":"96c26d","hypothesisId":"A","location":"DmService.getMessages","message":"slice_after_map","timestamp":1774918314811,"data":{"userId":1,"roomId":1,"cursor":-1,"size":15,"msgCount":6,"sliceHasNext":false,"newestId":8,"newestSenderId":2,"oldestInPageId":1}}
{"sessionId":"96c26d","hypothesisId":"A","location":"DmService.getMessages","message":"slice_after_map","timestamp":1774918316205,"data":{"userId":2,"roomId":1,"cursor":-1,"size":15,"msgCount":6,"sliceHasNext":false,"newestId":8,"newestSenderId":2,"oldestInPageId":1}}
{"sessionId":"96c26d","hypothesisId":"E","location":"StompAuthChannelInterceptor.applySecurityFromSessionUser","message":"context_restored_from_session","timestamp":1774918402699,"data":{"command":"SEND","principalUserId":2}}
{"sessionId":"96c26d","hypothesisId":"E","location":"StompAuthChannelInterceptor.applySecurityFromSessionUser","message":"context_restored_from_session","timestamp":1774918402699,"data":{"command":"SEND","principalUserId":1}}
{"sessionId":"96c26d","hypothesisId":"A","location":"DmService.getMessages","message":"slice_after_map","timestamp":1774918402935,"data":{"userId":1,"roomId":1,"cursor":-1,"size":15,"msgCount":6,"sliceHasNext":false,"newestId":8,"newestSenderId":2,"oldestInPageId":1}}
{"sessionId":"96c26d","hypothesisId":"A","location":"DmService.getMessages","message":"slice_after_map","timestamp":1774918402935,"data":{"userId":2,"roomId":1,"cursor":-1,"size":15,"msgCount":6,"sliceHasNext":false,"newestId":8,"newestSenderId":2,"oldestInPageId":1}}
{"sessionId":"96c26d","hypothesisId":"A","location":"DmService.getMessages","message":"slice_after_map","timestamp":1774918406753,"data":{"userId":2,"roomId":1,"cursor":-1,"size":15,"msgCount":6,"sliceHasNext":false,"newestId":8,"newestSenderId":2,"oldestInPageId":1}}
{"sessionId":"96c26d","hypothesisId":"A","location":"DmService.getMessages","message":"slice_after_map","timestamp":1774918406785,"data":{"userId":2,"roomId":1,"cursor":-1,"size":15,"msgCount":6,"sliceHasNext":false,"newestId":8,"newestSenderId":2,"oldestInPageId":1}}
{"sessionId":"96c26d","hypothesisId":"A","location":"DmService.getMessages","message":"slice_after_map","timestamp":1774918406819,"data":{"userId":1,"roomId":1,"cursor":-1,"size":15,"msgCount":6,"sliceHasNext":false,"newestId":8,"newestSenderId":2,"oldestInPageId":1}}
{"sessionId":"96c26d","hypothesisId":"A","location":"DmService.getMessages","message":"slice_after_map","timestamp":1774918406851,"data":{"userId":1,"roomId":1,"cursor":-1,"size":15,"msgCount":6,"sliceHasNext":false,"newestId":8,"newestSenderId":2,"oldestInPageId":1}}
{"sessionId":"96c26d","hypothesisId":"E","location":"StompAuthChannelInterceptor.applySecurityFromSessionUser","message":"context_restored_from_session","timestamp":1774918407233,"data":{"command":"SEND","principalUserId":1}}
{"sessionId":"96c26d","hypothesisId":"E","location":"StompAuthChannelInterceptor.applySecurityFromSessionUser","message":"context_restored_from_session","timestamp":1774918407238,"data":{"command":"SEND","principalUserId":2}}
{"sessionId":"96c26d","hypothesisId":"A","location":"DmService.getMessages","message":"slice_after_map","timestamp":1774918407649,"data":{"userId":1,"roomId":1,"cursor":-1,"size":15,"msgCount":6,"sliceHasNext":false,"newestId":8,"newestSenderId":2,"oldestInPageId":1}}
{"sessionId":"96c26d","hypothesisId":"A","location":"DmService.getMessages","message":"slice_after_map","timestamp":1774918407753,"data":{"userId":2,"roomId":1,"cursor":-1,"size":15,"msgCount":6,"sliceHasNext":false,"newestId":8,"newestSenderId":2,"oldestInPageId":1}}
{"sessionId":"96c26d","hypothesisId":"E","location":"StompAuthChannelInterceptor.applySecurityFromSessionUser","message":"context_restored_from_session","timestamp":1774918408620,"data":{"command":"SEND","principalUserId":2}}
{"sessionId":"96c26d","hypothesisId":"A","location":"DmService.getMessages","message":"slice_after_map","timestamp":1774918408725,"data":{"userId":2,"roomId":1,"cursor":-1,"size":15,"msgCount":6,"sliceHasNext":false,"newestId":8,"newestSenderId":2,"oldestInPageId":1}}
{"sessionId":"96c26d","hypothesisId":"E","location":"StompAuthChannelInterceptor.applySecurityFromSessionUser","message":"context_restored_from_session","timestamp":1774918408774,"data":{"command":"SEND","principalUserId":1}}
{"sessionId":"96c26d","hypothesisId":"A","location":"DmService.getMessages","message":"slice_after_map","timestamp":1774918408915,"data":{"userId":1,"roomId":1,"cursor":-1,"size":15,"msgCount":6,"sliceHasNext":false,"newestId":8,"newestSenderId":2,"oldestInPageId":1}}
{"sessionId":"96c26d","hypothesisId":"A","location":"DmService.getMessages","message":"slice_after_map","timestamp":1774918410659,"data":{"userId":2,"roomId":1,"cursor":-1,"size":15,"msgCount":6,"sliceHasNext":false,"newestId":8,"newestSenderId":2,"oldestInPageId":1}}
{"sessionId":"96c26d","hypothesisId":"A","location":"DmService.getMessages","message":"slice_after_map","timestamp":1774918410680,"data":{"userId":1,"roomId":1,"cursor":-1,"size":15,"msgCount":6,"sliceHasNext":false,"newestId":8,"newestSenderId":2,"oldestInPageId":1}}
{"sessionId":"96c26d","hypothesisId":"A","location":"DmService.getMessages","message":"slice_after_map","timestamp":1774918410695,"data":{"userId":2,"roomId":1,"cursor":-1,"size":15,"msgCount":6,"sliceHasNext":false,"newestId":8,"newestSenderId":2,"oldestInPageId":1}}
{"sessionId":"96c26d","hypothesisId":"A","location":"DmService.getMessages","message":"slice_after_map","timestamp":1774918410741,"data":{"userId":1,"roomId":1,"cursor":-1,"size":15,"msgCount":6,"sliceHasNext":false,"newestId":8,"newestSenderId":2,"oldestInPageId":1}}
{"sessionId":"96c26d","hypothesisId":"A","location":"DmService.getMessages","message":"slice_after_map","timestamp":1774918413643,"data":{"userId":2,"roomId":1,"cursor":-1,"size":15,"msgCount":6,"sliceHasNext":false,"newestId":8,"newestSenderId":2,"oldestInPageId":1}}
{"sessionId":"96c26d","hypothesisId":"A","location":"DmService.getMessages","message":"slice_after_map","timestamp":1774918413669,"data":{"userId":1,"roomId":1,"cursor":-1,"size":15,"msgCount":6,"sliceHasNext":false,"newestId":8,"newestSenderId":2,"oldestInPageId":1}}
{"sessionId":"96c26d","hypothesisId":"A","location":"DmService.getMessages","message":"slice_after_map","timestamp":1774918413695,"data":{"userId":2,"roomId":1,"cursor":-1,"size":15,"msgCount":6,"sliceHasNext":false,"newestId":8,"newestSenderId":2,"oldestInPageId":1}}
{"sessionId":"96c26d","hypothesisId":"A","location":"DmService.getMessages","message":"slice_after_map","timestamp":1774918413713,"data":{"userId":1,"roomId":1,"cursor":-1,"size":15,"msgCount":6,"sliceHasNext":false,"newestId":8,"newestSenderId":2,"oldestInPageId":1}}
{"sessionId":"96c26d","hypothesisId":"A","location":"DmService.getMessages","message":"slice_after_map","timestamp":1774918414676,"data":{"userId":1,"roomId":1,"cursor":-1,"size":15,"msgCount":6,"sliceHasNext":false,"newestId":8,"newestSenderId":2,"oldestInPageId":1}}
{"sessionId":"96c26d","hypothesisId":"A","location":"DmService.getMessages","message":"slice_after_map","timestamp":1774918414677,"data":{"userId":2,"roomId":1,"cursor":-1,"size":15,"msgCount":6,"sliceHasNext":false,"newestId":8,"newestSenderId":2,"oldestInPageId":1}}
{"sessionId":"96c26d","hypothesisId":"A","location":"DmService.getMessages","message":"slice_after_map","timestamp":1774918414730,"data":{"userId":1,"roomId":1,"cursor":-1,"size":15,"msgCount":6,"sliceHasNext":false,"newestId":8,"newestSenderId":2,"oldestInPageId":1}}
{"sessionId":"96c26d","hypothesisId":"E","location":"StompAuthChannelInterceptor.applySecurityFromSessionUser","message":"context_restored_from_session","timestamp":1774918414742,"data":{"command":"SEND","principalUserId":2}}
{"sessionId":"96c26d","hypothesisId":"A","location":"DmService.getMessages","message":"slice_after_map","timestamp":1774918414748,"data":{"userId":2,"roomId":1,"cursor":-1,"size":15,"msgCount":6,"sliceHasNext":false,"newestId":8,"newestSenderId":2,"oldestInPageId":1}}
{"sessionId":"96c26d","hypothesisId":"E","location":"StompAuthChannelInterceptor.applySecurityFromSessionUser","message":"context_restored_from_session","timestamp":1774918414758,"data":{"command":"SEND","principalUserId":2}}
{"sessionId":"96c26d","hypothesisId":"E","location":"StompAuthChannelInterceptor.applySecurityFromSessionUser","message":"context_restored_from_session","timestamp":1774918414880,"data":{"command":"SEND","principalUserId":1}}
{"sessionId":"96c26d","hypothesisId":"A","location":"DmService.getMessages","message":"slice_after_map","timestamp":1774918415687,"data":{"userId":1,"roomId":1,"cursor":-1,"size":15,"msgCount":6,"sliceHasNext":false,"newestId":8,"newestSenderId":2,"oldestInPageId":1}}
{"sessionId":"96c26d","hypothesisId":"A","location":"DmService.getMessages","message":"slice_after_map","timestamp":1774918415702,"data":{"userId":2,"roomId":1,"cursor":-1,"size":15,"msgCount":6,"sliceHasNext":false,"newestId":8,"newestSenderId":2,"oldestInPageId":1}}
{"sessionId":"96c26d","hypothesisId":"E","location":"StompAuthChannelInterceptor.applySecurityFromSessionUser","message":"context_restored_from_session","timestamp":1774918416618,"data":{"command":"SEND","principalUserId":2}}
{"sessionId":"96c26d","hypothesisId":"E","location":"StompAuthChannelInterceptor.applySecurityFromSessionUser","message":"context_restored_from_session","timestamp":1774918416627,"data":{"command":"SEND","principalUserId":1}}
{"sessionId":"96c26d","hypothesisId":"A","location":"DmService.getMessages","message":"slice_after_map","timestamp":1774918416662,"data":{"userId":2,"roomId":1,"cursor":-1,"size":15,"msgCount":6,"sliceHasNext":false,"newestId":8,"newestSenderId":2,"oldestInPageId":1}}
{"sessionId":"96c26d","hypothesisId":"A","location":"DmService.getMessages","message":"slice_after_map","timestamp":1774918416680,"data":{"userId":1,"roomId":1,"cursor":-1,"size":15,"msgCount":6,"sliceHasNext":false,"newestId":8,"newestSenderId":2,"oldestInPageId":1}}
{"sessionId":"96c26d","hypothesisId":"E","location":"StompAuthChannelInterceptor.applySecurityFromSessionUser","message":"context_restored_from_session","timestamp":1774918416915,"data":{"command":"SEND","principalUserId":2}}
{"sessionId":"96c26d","hypothesisId":"E","location":"StompAuthChannelInterceptor.applySecurityFromSessionUser","message":"context_restored_from_session","timestamp":1774918416917,"data":{"command":"SEND","principalUserId":2}}
{"sessionId":"96c26d","hypothesisId":"E","location":"StompAuthChannelInterceptor.applySecurityFromSessionUser","message":"context_restored_from_session","timestamp":1774918416951,"data":{"command":"SEND","principalUserId":1}}
{"sessionId":"96c26d","hypothesisId":"E","location":"StompAuthChannelInterceptor.applySecurityFromSessionUser","message":"context_restored_from_session","timestamp":1774918416952,"data":{"command":"SEND","principalUserId":1}}
{"sessionId":"96c26d","hypothesisId":"A","location":"DmService.getMessages","message":"slice_after_map","timestamp":1774918417637,"data":{"userId":1,"roomId":1,"cursor":-1,"size":15,"msgCount":6,"sliceHasNext":false,"newestId":8,"newestSenderId":2,"oldestInPageId":1}}
{"sessionId":"96c26d","hypothesisId":"A","location":"DmService.getMessages","message":"slice_after_map","timestamp":1774918417663,"data":{"userId":1,"roomId":1,"cursor":-1,"size":15,"msgCount":6,"sliceHasNext":false,"newestId":8,"newestSenderId":2,"oldestInPageId":1}}
{"sessionId":"96c26d","hypothesisId":"A","location":"DmService.getMessages","message":"slice_after_map","timestamp":1774918417685,"data":{"userId":2,"roomId":1,"cursor":-1,"size":15,"msgCount":6,"sliceHasNext":false,"newestId":8,"newestSenderId":2,"oldestInPageId":1}}
{"sessionId":"96c26d","hypothesisId":"A","location":"DmService.getMessages","message":"slice_after_map","timestamp":1774918417705,"data":{"userId":2,"roomId":1,"cursor":-1,"size":15,"msgCount":6,"sliceHasNext":false,"newestId":8,"newestSenderId":2,"oldestInPageId":1}}
{"sessionId":"96c26d","hypothesisId":"A","location":"DmService.getMessages","message":"slice_after_map","timestamp":1774918421631,"data":{"userId":2,"roomId":1,"cursor":-1,"size":15,"msgCount":6,"sliceHasNext":false,"newestId":8,"newestSenderId":2,"oldestInPageId":1}}
{"sessionId":"96c26d","hypothesisId":"A","location":"DmService.getMessages","message":"slice_after_map","timestamp":1774918421667,"data":{"userId":2,"roomId":1,"cursor":-1,"size":15,"msgCount":6,"sliceHasNext":false,"newestId":8,"newestSenderId":2,"oldestInPageId":1}}
{"sessionId":"96c26d","hypothesisId":"A","location":"DmService.getMessages","message":"slice_after_map","timestamp":1774918421972,"data":{"userId":1,"roomId":1,"cursor":-1,"size":15,"msgCount":6,"sliceHasNext":false,"newestId":8,"newestSenderId":2,"oldestInPageId":1}}
{"sessionId":"96c26d","hypothesisId":"A","location":"DmService.getMessages","message":"slice_after_map","timestamp":1774918422011,"data":{"userId":1,"roomId":1,"cursor":-1,"size":15,"msgCount":6,"sliceHasNext":false,"newestId":8,"newestSenderId":2,"oldestInPageId":1}}
{"sessionId":"96c26d","hypothesisId":"A","location":"DmService.getMessages","message":"slice_after_map","timestamp":1774918424739,"data":{"userId":2,"roomId":1,"cursor":-1,"size":15,"msgCount":6,"sliceHasNext":false,"newestId":8,"newestSenderId":2,"oldestInPageId":1}}
{"sessionId":"96c26d","hypothesisId":"A","location":"DmService.getMessages","message":"slice_after_map","timestamp":1774918424816,"data":{"userId":2,"roomId":1,"cursor":-1,"size":15,"msgCount":6,"sliceHasNext":false,"newestId":8,"newestSenderId":2,"oldestInPageId":1}}
{"sessionId":"96c26d","hypothesisId":"A","location":"DmService.getMessages","message":"slice_after_map","timestamp":1774918441643,"data":{"userId":2,"roomId":1,"cursor":-1,"size":15,"msgCount":6,"sliceHasNext":false,"newestId":8,"newestSenderId":2,"oldestInPageId":1}}
{"sessionId":"96c26d","hypothesisId":"A","location":"DmService.getMessages","message":"slice_after_map","timestamp":1774918441662,"data":{"userId":1,"roomId":1,"cursor":-1,"size":15,"msgCount":6,"sliceHasNext":false,"newestId":8,"newestSenderId":2,"oldestInPageId":1}}
{"sessionId":"96c26d","hypothesisId":"A","location":"DmService.getMessages","message":"slice_after_map","timestamp":1774918441722,"data":{"userId":2,"roomId":1,"cursor":-1,"size":15,"msgCount":6,"sliceHasNext":false,"newestId":8,"newestSenderId":2,"oldestInPageId":1}}
{"sessionId":"96c26d","hypothesisId":"A","location":"DmService.getMessages","message":"slice_after_map","timestamp":1774918441728,"data":{"userId":1,"roomId":1,"cursor":-1,"size":15,"msgCount":6,"sliceHasNext":false,"newestId":8,"newestSenderId":2,"oldestInPageId":1}}
{"sessionId":"96c26d","hypothesisId":"E","location":"StompAuthChannelInterceptor.applySecurityFromSessionUser","message":"context_restored_from_session","timestamp":1774918441791,"data":{"command":"SEND","principalUserId":1}}
{"sessionId":"96c26d","hypothesisId":"E","location":"StompAuthChannelInterceptor.applySecurityFromSessionUser","message":"context_restored_from_session","timestamp":1774918441801,"data":{"command":"SEND","principalUserId":1}}
{"sessionId":"96c26d","hypothesisId":"E","location":"StompAuthChannelInterceptor.applySecurityFromSessionUser","message":"context_restored_from_session","timestamp":1774918441882,"data":{"command":"SEND","principalUserId":2}}
{"sessionId":"96c26d","hypothesisId":"A","location":"DmService.getMessages","message":"slice_after_map","timestamp":1774918442622,"data":{"userId":2,"roomId":1,"cursor":-1,"size":15,"msgCount":6,"sliceHasNext":false,"newestId":8,"newestSenderId":2,"oldestInPageId":1}}
{"sessionId":"96c26d","hypothesisId":"A","location":"DmService.getMessages","message":"slice_after_map","timestamp":1774918442623,"data":{"userId":1,"roomId":1,"cursor":-1,"size":15,"msgCount":6,"sliceHasNext":false,"newestId":8,"newestSenderId":2,"oldestInPageId":1}}
{"sessionId":"96c26d","hypothesisId":"A","location":"DmService.getMessages","message":"slice_after_map","timestamp":1774918806113,"data":{"userId":1,"roomId":1,"cursor":-1,"size":15,"msgCount":6,"sliceHasNext":false,"newestId":8,"newestSenderId":2,"oldestInPageId":1}}
{"sessionId":"96c26d","hypothesisId":"A","location":"DmService.getMessages","message":"slice_after_map","timestamp":1774918806171,"data":{"userId":1,"roomId":1,"cursor":-1,"size":15,"msgCount":6,"sliceHasNext":false,"newestId":8,"newestSenderId":2,"oldestInPageId":1}}
{"sessionId":"96c26d","hypothesisId":"A","location":"DmService.getMessages","message":"slice_after_map","timestamp":1774918806804,"data":{"userId":1,"roomId":1,"cursor":-1,"size":15,"msgCount":6,"sliceHasNext":false,"newestId":8,"newestSenderId":2,"oldestInPageId":1}}
{"sessionId":"96c26d","hypothesisId":"A","location":"DmService.getMessages","message":"slice_after_map","timestamp":1774918809313,"data":{"userId":1,"roomId":1,"cursor":-1,"size":15,"msgCount":6,"sliceHasNext":false,"newestId":8,"newestSenderId":2,"oldestInPageId":1}}
